# JRE version: Java(TM) SE Runtime Environment (8.0_31-b13) (build 1.8.0_31-b13)
# Java VM: Java HotSpot(TM) 64-Bit Server VM (25.31-b07 mixed mode windows-amd64 compressed oops)
Heap:
 PSYoungGen      total 27648K, used 100K [0x00000000ead80000, 0x00000000ed880000, 0x0000000100000000)
  eden space 11264K, 0% used [0x00000000ead80000,0x00000000ead99100,0x00000000eb880000)
  from space 16384K, 0% used [0x00000000ec880000,0x00000000ec880000,0x00000000ed880000)
  to   space 16384K, 0% used [0x00000000eb880000,0x00000000eb880000,0x00000000ec880000)
 ParOldGen       total 25600K, used 6105K [0x00000000c0800000, 0x00000000c2100000, 0x00000000ead80000)
  object space 25600K, 23% used [0x00000000c0800000,0x00000000c0df6698,0x00000000c2100000)
 Metaspace       used 28254K, capacity 28604K, committed 28800K, reserved 1075200K
  class space    used 2190K, capacity 2360K, committed 2432K, reserved 1048576K
GC Heap History (10 events):
Event: 168.335 GC heap before
{Heap before GC invocations=48 (full 3):
 PSYoungGen      total 26112K, used 12355K [0x00000000ead80000, 0x00000000ed800000, 0x0000000100000000)
  eden space 11776K, 95% used [0x00000000ead80000,0x00000000eb86ea60,0x00000000eb900000)
  from space 14336K, 8% used [0x00000000ec800000,0x00000000ec922368,0x00000000ed600000)
  to   space 15360K, 0% used [0x00000000eb900000,0x00000000eb900000,0x00000000ec800000)
 ParOldGen       total 33792K, used 13436K [0x00000000c0800000, 0x00000000c2900000, 0x00000000ead80000)
  object space 33792K, 39% used [0x00000000c0800000,0x00000000c151f1e8,0x00000000c2900000)
 Metaspace       used 28099K, capacity 28482K, committed 28800K, reserved 1075200K
  class space    used 2189K, capacity 2361K, committed 2432K, reserved 1048576K
Event: 168.337 GC heap after
Heap after GC invocations=48 (full 3):
 PSYoungGen      total 27136K, used 1383K [0x00000000ead80000, 0x00000000ed800000, 0x0000000100000000)
  eden space 11776K, 0% used [0x00000000ead80000,0x00000000ead80000,0x00000000eb900000)
  from space 15360K, 9% used [0x00000000eb900000,0x00000000eba59e78,0x00000000ec800000)
  to   space 15872K, 0% used [0x00000000ec880000,0x00000000ec880000,0x00000000ed800000)
 ParOldGen       total 33792K, used 13444K [0x00000000c0800000, 0x00000000c2900000, 0x00000000ead80000)
  object space 33792K, 39% used [0x00000000c0800000,0x00000000c15211e8,0x00000000c2900000)
 Metaspace       used 28099K, capacity 28482K, committed 28800K, reserved 1075200K
  class space    used 2189K, capacity 2361K, committed 2432K, reserved 1048576K
}
Event: 177.460 GC heap before
{Heap before GC invocations=49 (full 3):
 PSYoungGen      total 27136K, used 12633K [0x00000000ead80000, 0x00000000ed800000, 0x0000000100000000)
  eden space 11776K, 95% used [0x00000000ead80000,0x00000000eb87c5c8,0x00000000eb900000)
  from space 15360K, 9% used [0x00000000eb900000,0x00000000eba59e78,0x00000000ec800000)
  to   space 15872K, 0% used [0x00000000ec880000,0x00000000ec880000,0x00000000ed800000)
 ParOldGen       total 33792K, used 13444K [0x00000000c0800000, 0x00000000c2900000, 0x00000000ead80000)
  object space 33792K, 39% used [0x00000000c0800000,0x00000000c15211e8,0x00000000c2900000)
 Metaspace       used 28189K, capacity 28546K, committed 28800K, reserved 1075200K
  class space    used 2191K, capacity 2361K, committed 2432K, reserved 1048576K
Event: 177.463 GC heap after
Heap after GC invocations=49 (full 3):
 PSYoungGen      total 27136K, used 2288K [0x00000000ead80000, 0x00000000ed900000, 0x0000000100000000)
  eden space 11264K, 0% used [0x00000000ead80000,0x00000000ead80000,0x00000000eb880000)
  from space 15872K, 14% used [0x00000000ec880000,0x00000000ecabc1e0,0x00000000ed800000)
  to   space 16384K, 0% used [0x00000000eb880000,0x00000000eb880000,0x00000000ec880000)
 ParOldGen       total 33792K, used 13444K [0x00000000c0800000, 0x00000000c2900000, 0x00000000ead80000)
  object space 33792K, 39% used [0x00000000c0800000,0x00000000c15211e8,0x00000000c2900000)
 Metaspace       used 28189K, capacity 28546K, committed 28800K, reserved 1075200K
  class space    used 2191K, capacity 2361K, committed 2432K, reserved 1048576K
}
Event: 186.547 GC heap before
{Heap before GC invocations=50 (full 3):
 PSYoungGen      total 27136K, used 13165K [0x00000000ead80000, 0x00000000ed900000, 0x0000000100000000)
  eden space 11264K, 96% used [0x00000000ead80000,0x00000000eb81f4c8,0x00000000eb880000)
  from space 15872K, 14% used [0x00000000ec880000,0x00000000ecabc1e0,0x00000000ed800000)
  to   space 16384K, 0% used [0x00000000eb880000,0x00000000eb880000,0x00000000ec880000)
 ParOldGen       total 33792K, used 13444K [0x00000000c0800000, 0x00000000c2900000, 0x00000000ead80000)
  object space 33792K, 39% used [0x00000000c0800000,0x00000000c15211e8,0x00000000c2900000)
 Metaspace       used 28238K, capacity 28610K, committed 28800K, reserved 1075200K
  class space    used 2191K, capacity 2361K, committed 2432K, reserved 1048576K
Event: 186.549 GC heap after
Heap after GC invocations=50 (full 3):
 PSYoungGen      total 27648K, used 2320K [0x00000000ead80000, 0x00000000ed880000, 0x0000000100000000)
  eden space 11264K, 0% used [0x00000000ead80000,0x00000000ead80000,0x00000000eb880000)
  from space 16384K, 14% used [0x00000000eb880000,0x00000000ebac41e0,0x00000000ec880000)
  to   space 16384K, 0% used [0x00000000ec880000,0x00000000ec880000,0x00000000ed880000)
 ParOldGen       total 33792K, used 13444K [0x00000000c0800000, 0x00000000c2900000, 0x00000000ead80000)
  object space 33792K, 39% used [0x00000000c0800000,0x00000000c15211e8,0x00000000c2900000)
 Metaspace       used 28238K, capacity 28610K, committed 28800K, reserved 1075200K
  class space    used 2191K, capacity 2361K, committed 2432K, reserved 1048576K
}
Event: 190.774 GC heap before
{Heap before GC invocations=51 (full 3):
 PSYoungGen      total 27648K, used 10642K [0x00000000ead80000, 0x00000000ed880000, 0x0000000100000000)
  eden space 11264K, 73% used [0x00000000ead80000,0x00000000eb5a0730,0x00000000eb880000)
  from space 16384K, 14% used [0x00000000eb880000,0x00000000ebac41e0,0x00000000ec880000)
  to   space 16384K, 0% used [0x00000000ec880000,0x00000000ec880000,0x00000000ed880000)
 ParOldGen       total 33792K, used 13444K [0x00000000c0800000, 0x00000000c2900000, 0x00000000ead80000)
  object space 33792K, 39% used [0x00000000c0800000,0x00000000c15211e8,0x00000000c2900000)
 Metaspace       used 28252K, capacity 28610K, committed 28800K, reserved 1075200K
  class space    used 2191K, capacity 2361K, committed 2432K, reserved 1048576K
Event: 190.777 GC heap after
Heap after GC invocations=51 (full 3):
 PSYoungGen      total 27648K, used 9831K [0x00000000ead80000, 0x00000000ed880000, 0x0000000100000000)
  eden space 11264K, 0% used [0x00000000ead80000,0x00000000ead80000,0x00000000eb880000)
  from space 16384K, 60% used [0x00000000ec880000,0x00000000ed219e40,0x00000000ed880000)
  to   space 16384K, 0% used [0x00000000eb880000,0x00000000eb880000,0x00000000ec880000)
 ParOldGen       total 33792K, used 13452K [0x00000000c0800000, 0x00000000c2900000, 0x00000000ead80000)
  object space 33792K, 39% used [0x00000000c0800000,0x00000000c15231e8,0x00000000c2900000)
 Metaspace       used 28252K, capacity 28610K, committed 28800K, reserved 1075200K
  class space    used 2191K, capacity 2361K, committed 2432K, reserved 1048576K
}
Event: 190.777 GC heap before
{Heap before GC invocations=52 (full 4):
 PSYoungGen      total 27648K, used 9831K [0x00000000ead80000, 0x00000000ed880000, 0x0000000100000000)
  eden space 11264K, 0% used [0x00000000ead80000,0x00000000ead80000,0x00000000eb880000)
  from space 16384K, 60% used [0x00000000ec880000,0x00000000ed219e40,0x00000000ed880000)
  to   space 16384K, 0% used [0x00000000eb880000,0x00000000eb880000,0x00000000ec880000)
 ParOldGen       total 33792K, used 13452K [0x00000000c0800000, 0x00000000c2900000, 0x00000000ead80000)
  object space 33792K, 39% used [0x00000000c0800000,0x00000000c15231e8,0x00000000c2900000)
 Metaspace       used 28252K, capacity 28610K, committed 28800K, reserved 1075200K
  class space    used 2191K, capacity 2361K, committed 2432K, reserved 1048576K
Event: 190.809 GC heap after
Heap after GC invocations=52 (full 4):
 PSYoungGen      total 27648K, used 0K [0x00000000ead80000, 0x00000000ed880000, 0x0000000100000000)
  eden space 11264K, 0% used [0x00000000ead80000,0x00000000ead80000,0x00000000eb880000)
  from space 16384K, 0% used [0x00000000ec880000,0x00000000ec880000,0x00000000ed880000)
  to   space 16384K, 0% used [0x00000000eb880000,0x00000000eb880000,0x00000000ec880000)
 ParOldGen       total 25600K, used 6105K [0x00000000c0800000, 0x00000000c2100000, 0x00000000ead80000)
  object space 25600K, 23% used [0x00000000c0800000,0x00000000c0df6698,0x00000000c2100000)
 Metaspace       used 28250K, capacity 28604K, committed 28800K, reserved 1075200K
  class space    used 2190K, capacity 2360K, committed 2432K, reserved 1048576K
}

